<?xml version="1.0" encoding="UTF-8"?>
<!-- Generated by org.testng.reporters.JUnitXMLReporter -->
<testsuite hostname="PREETISH" name="DependencyTest" tests="3" failures="0" timestamp="20 Feb 2018 10:08:45 GMT" time="0.102" errors="0">
  <testcase name="enteruserid" time="0.046" classname="testngprogrammes.DependencyTestNG"/>
  <testcase name="gmailstart" time="0.002" classname="testngprogrammes.DependencyTestNG"/>
  <testcase name="enterpassword" time="0.003" classname="testngprogrammes.DependencyTestNG"/>
</testsuite> <!-- DependencyTest -->
