<?xml version="1.0" encoding="UTF-8"?>
<testng-results skipped="0" failed="0" total="1" passed="1">
  <reporter-output>
  </reporter-output>
  <suite name="Default suite" duration-ms="12765" started-at="2018-02-20T20:45:55Z" finished-at="2018-02-20T20:46:08Z">
    <groups>
    </groups>
    <test name="Default test" duration-ms="12765" started-at="2018-02-20T20:45:55Z" finished-at="2018-02-20T20:46:08Z">
      <class name="basicseleniums.ScreenshootGoogle">
        <test-method status="PASS" signature="TestJava()[pri:0, instance:basicseleniums.ScreenshootGoogle@173813a]" name="TestJava" duration-ms="12713" started-at="2018-02-21T02:15:55Z" finished-at="2018-02-21T02:16:08Z">
          <reporter-output>
          </reporter-output>
        </test-method> <!-- TestJava -->
      </class> <!-- basicseleniums.ScreenshootGoogle -->
    </test> <!-- Default test -->
  </suite> <!-- Default suite -->
</testng-results>
